2024-11-4 19:38:13 7|8 8d0
2024-11-4 19:14:0 7|8 8d0
2024-11-4 19:14:0 7|8 8d0
2024-11-4 19:14:0 8|7 8d0
2024-11-4 19:14:0 7|8 8d0
2024-11-4 19:14:16 8|7 ffffce64
2024-11-4 19:14:23 7|8 ffffce64
2024-11-4 19:14:37 7|7 2134
2024-11-4 19:14:42 7|8 b09
2024-11-4 19:14:46 7|7 b0f
2024-11-4 19:15:2 8|7 2134
2024-11-4 19:15:5 7|7 2134
2024-11-4 19:15:10 6|8 ffffce64
2024-11-4 19:15:15 7|7 ffffce64
2024-11-4 19:15:26 7|8 ffffce64
2024-11-4 19:15:42 7|7 2134
2024-11-4 19:15:45 8|7 b34
2024-11-4 19:15:48 7|7 add
2024-11-4 19:16:0 7|7 9f6
2024-11-4 19:17:0 7|8 93a
2024-11-4 19:18:0 f|e 908
2024-11-4 19:18:8 7|7 908
2024-11-4 19:19:8 7|e 902
2024-11-4 19:19:9 7|7 902
2024-11-4 19:20:10 e|e 8ef
2024-11-4 19:21:10 e|e 8f5
2024-11-4 19:22:10 e|e 8ef
2024-11-4 19:23:10 e|e 8f5
2024-11-4 19:24:10 e|e 8e9
2024-11-4 19:25:10 7|7 8e9
2024-11-4 19:26:10 7|8 8ef
2024-11-4 19:27:10 e|e 8ef
